<?xml version="1.0" encoding="UTF-8"?>
<!-- Generated by org.testng.reporters.JUnitReportReporter -->
<testsuite hostname="DESKTOP-UJK9G7O" failures="0" tests="2" name="test.TS_IP502" time="1.311" errors="0" timestamp="2021-08-02T14:52:52 IST" skipped="0">
  <testcase classname="test.TS_IP502" name="markInTime" time="1.310"/>
  <system-out/>
  <testcase classname="test.TS_IP502" name="TC001" time="0.001"/>
  <system-out/>
</testsuite> <!-- test.TS_IP502 -->
