<?xml version="1.0" encoding="UTF-8"?>
<!-- Generated by org.testng.reporters.JUnitReportReporter -->
<testsuite hostname="DESKTOP-UJK9G7O" failures="0" tests="1" name="test.TS_IP502" time="1.437" errors="0" timestamp="2021-07-29T12:41:43 IST" skipped="0">
  <testcase classname="test.TS_IP502" name="markInTime" time="1.437"/>
  <system-out/>
</testsuite> <!-- test.TS_IP502 -->
