<?xml version="1.0" encoding="UTF-8"?>
<!-- Generated by org.testng.reporters.JUnitReportReporter -->
<testsuite hostname="DESKTOP-UJK9G7O" failures="0" tests="1" name="test.TC_001" time="1.743" errors="0" timestamp="2021-07-09T10:05:53 IST" skipped="0">
  <testcase classname="test.TC_001" name="markInTime" time="1.743"/>
  <system-out/>
</testsuite> <!-- test.TC_001 -->
